<?xml version="1.0" encoding="UTF-8"?>
<!-- Generated by org.testng.reporters.JUnitReportReporter -->
<testsuite hostname="LASID" failures="0" tests="1" name="EnterTimePagetests" time="17.464" errors="0" timestamp="2022-05-05T18:22:01 EDT" skipped="0">
  <testcase classname="EnterTimePagetests" name="TestEnterPageTitle" time="17.464"/>
  <system-out/>
</testsuite> <!-- EnterTimePagetests -->
