<?xml version="1.0" encoding="UTF-8"?>
<!-- Generated by org.testng.reporters.JUnitReportReporter -->
<testsuite hostname="LASID" failures="0" tests="4" name="LoginPageTest" time="70.761" errors="0" timestamp="2022-05-05T19:26:26 EDT" skipped="0">
  <testcase classname="LoginPageTest" name="testLogin" time="23.667"/>
  <system-out/>
  <testcase classname="LoginPageTest" name="testLogin" time="23.817"/>
  <system-out/>
  <testcase classname="LoginPageTest" name="verifyActitimeLogo" time="11.256"/>
  <system-out/>
  <testcase classname="LoginPageTest" name="verifyActitimeTitle" time="12.021"/>
  <system-out/>
</testsuite> <!-- LoginPageTest -->
