<?xml version="1.0" encoding="UTF-8"?>
<!-- Generated by org.testng.reporters.JUnitReportReporter -->
<testsuite hostname="LASID" failures="0" tests="1" name="BaseFolder.DriverScript" time="14.818" errors="0" timestamp="2022-05-03T20:03:56 EDT" skipped="0">
  <testcase classname="BaseFolder.DriverScript" name="initDriver" time="14.818"/>
  <system-out/>
</testsuite> <!-- BaseFolder.DriverScript -->
